<?xml version="1.0" encoding="UTF-8"?>
<testng-results skipped="0" failed="0" total="2" passed="2">
  <reporter-output>
  </reporter-output>
  <suite name="first selenium testng" duration-ms="16423" started-at="2015-06-19T06:03:36Z" finished-at="2015-06-19T06:03:52Z">
    <groups>
    </groups>
    <test name="Command line test e66af470-2950-43c7-95e7-7e20a23611e6" duration-ms="16423" started-at="2015-06-19T06:03:36Z" finished-at="2015-06-19T06:03:52Z">
      <class name="testcase.BaseTest">
        <test-method status="PASS" signature="testCase(testcase.OneTestCase)[pri:0, instance:testcase.BaseTest@1e81f4dc]" name="testCase" duration-ms="12113" started-at="2015-06-19T14:03:36Z" data-provider="testCases" finished-at="2015-06-19T14:03:48Z">
          <params>
            <param index="0">
              <value>
                <![CDATA[testcase.OneTestCase@28d25987]]>
              </value>
            </param>
          </params>
          <reporter-output>
          </reporter-output>
        </test-method> <!-- testCase -->
        <test-method status="PASS" signature="testCase(testcase.OneTestCase)[pri:0, instance:testcase.BaseTest@1e81f4dc]" name="testCase" duration-ms="16265" started-at="2015-06-19T14:03:36Z" data-provider="testCases" finished-at="2015-06-19T14:03:52Z">
          <params>
            <param index="0">
              <value>
                <![CDATA[testcase.OneTestCase@4501b7af]]>
              </value>
            </param>
          </params>
          <reporter-output>
          </reporter-output>
        </test-method> <!-- testCase -->
      </class> <!-- testcase.BaseTest -->
    </test> <!-- Command line test e66af470-2950-43c7-95e7-7e20a23611e6 -->
  </suite> <!-- first selenium testng -->
</testng-results>
