<?xml version="1.0" encoding="UTF-8"?>
<!-- Generated by org.testng.reporters.JUnitXMLReporter -->
<testsuite hostname="lvsongs-MacBook-Pro.local" name="Command line test aa5d63ca-2029-4e9c-8874-df59b2ae3988" tests="2" failures="0" timestamp="18 Jun 2015 09:27:58 GMT" time="2.401" errors="0">
  <testcase name="testCase" time="0.001" classname="testcase.BaseTest"/>
  <testcase name="testCase" time="0.0" classname="testcase.BaseTest"/>
</testsuite> <!-- Command line test aa5d63ca-2029-4e9c-8874-df59b2ae3988 -->
