<?xml version="1.0" encoding="UTF-8"?>
<!-- Generated by org.testng.reporters.JUnitXMLReporter -->
<testsuite hostname="lvsongs-MacBook-Pro.local" name="Command line test 612ee0b7-a829-4c0c-8d25-5dbec64af76e" tests="1" failures="1" timestamp="18 Jun 2015 08:22:24 GMT" time="2.651" errors="0">
  <testcase name="testCase" time="0.0" classname="testcase.BaseTest">
    <failure type="java.lang.NullPointerException">
      <![CDATA[java.lang.NullPointerException
	at action.Visit.start(Visit.java:22)
	at testcase.OneTestCase.execute(OneTestCase.java:31)
	at testcase.BaseTest.testCase(BaseTest.java:47)
	at engine.Runner.main(Runner.java:47)
... Removed 21 stack frames]]>
    </failure>
  </testcase> <!-- testCase -->
</testsuite> <!-- Command line test 612ee0b7-a829-4c0c-8d25-5dbec64af76e -->
