<?xml version="1.0" encoding="UTF-8"?>
<!-- Generated by org.testng.reporters.JUnitXMLReporter -->
<testsuite hostname="lvsongs-MacBook-Pro.local" name="Command line test 0097c54a-2894-4be2-8c90-449dd3511328" tests="2" failures="0" timestamp="19 Jun 2015 03:54:42 GMT" time="19.947" errors="0">
  <testcase name="testCase" time="19.437" classname="testcase.BaseTest"/>
  <testcase name="testCase" time="19.817" classname="testcase.BaseTest"/>
</testsuite> <!-- Command line test 0097c54a-2894-4be2-8c90-449dd3511328 -->
