<?xml version="1.0" encoding="UTF-8"?>
<!-- Generated by org.testng.reporters.JUnitXMLReporter -->
<testsuite hostname="lvsongs-MacBook-Pro.local" name="Command line test e749b9c4-0154-49e8-94d4-f515455c0f69" tests="2" failures="0" timestamp="19 Jun 2015 03:24:13 GMT" time="24.102" errors="0">
  <testcase name="testCase" time="23.971" classname="testcase.BaseTest"/>
  <testcase name="testCase" time="23.971" classname="testcase.BaseTest"/>
</testsuite> <!-- Command line test e749b9c4-0154-49e8-94d4-f515455c0f69 -->
